0 info it worked if it ends with ok
1 verbose cli [ '/Users/olda/.nvm/versions/node/v5.6.0/bin/node',
1 verbose cli   '/Users/olda/.nvm/versions/node/v5.6.0/bin/npm',
1 verbose cli   'install',
1 verbose cli   'react-native-device-log',
1 verbose cli   '--save' ]
2 info using npm@3.6.0
3 info using node@v5.6.0
4 silly loadCurrentTree Starting
5 silly install loadCurrentTree
6 silly install readLocalPackageData
7 silly fetchPackageMetaData react-native-device-log
8 silly fetchNamedPackageData react-native-device-log
9 silly mapToRegistry name react-native-device-log
10 silly mapToRegistry using default registry
11 silly mapToRegistry registry https://registry.npmjs.org/
12 silly mapToRegistry uri https://registry.npmjs.org/react-native-device-log
13 verbose request uri https://registry.npmjs.org/react-native-device-log
14 verbose request no auth needed
15 info attempt registry request try #1 at 10:47:45 PM
16 verbose request using bearer token for auth
17 verbose request id 2d065c24b95ac12e
18 http request GET https://registry.npmjs.org/react-native-device-log
19 http 200 https://registry.npmjs.org/react-native-device-log
20 verbose headers { server: 'CouchDB/1.5.0 (Erlang OTP/R16B03)',
20 verbose headers   etag: '"AC80CAMAKJ5801QAS1JZNSSZL"',
20 verbose headers   'content-type': 'application/json',
20 verbose headers   'cache-control': 'max-age=300',
20 verbose headers   'content-length': '4587',
20 verbose headers   'accept-ranges': 'bytes',
20 verbose headers   date: 'Mon, 29 Feb 2016 21:47:45 GMT',
20 verbose headers   via: '1.1 varnish',
20 verbose headers   connection: 'keep-alive',
20 verbose headers   'x-served-by': 'cache-ams4140-AMS',
20 verbose headers   'x-cache': 'MISS',
20 verbose headers   'x-cache-hits': '0',
20 verbose headers   'x-timer': 'S1456782465.424300,VS0,VE178',
20 verbose headers   vary: 'Accept' }
21 silly get cb [ 200,
21 silly get   { server: 'CouchDB/1.5.0 (Erlang OTP/R16B03)',
21 silly get     etag: '"AC80CAMAKJ5801QAS1JZNSSZL"',
21 silly get     'content-type': 'application/json',
21 silly get     'cache-control': 'max-age=300',
21 silly get     'content-length': '4587',
21 silly get     'accept-ranges': 'bytes',
21 silly get     date: 'Mon, 29 Feb 2016 21:47:45 GMT',
21 silly get     via: '1.1 varnish',
21 silly get     connection: 'keep-alive',
21 silly get     'x-served-by': 'cache-ams4140-AMS',
21 silly get     'x-cache': 'MISS',
21 silly get     'x-cache-hits': '0',
21 silly get     'x-timer': 'S1456782465.424300,VS0,VE178',
21 silly get     vary: 'Accept' } ]
22 verbose get saving react-native-device-log to /Users/olda/.npm/registry.npmjs.org/react-native-device-log/.cache.json
23 verbose correctMkdir /Users/olda/.npm correctMkdir not in flight; initializing
24 silly install normalizeTree
25 silly loadCurrentTree Finishing
26 silly loadIdealTree Starting
27 silly install loadIdealTree
28 silly cloneCurrentTree Starting
29 silly install cloneCurrentTreeToIdealTree
30 silly cloneCurrentTree Finishing
31 silly loadShrinkwrap Starting
32 silly install loadShrinkwrap
33 silly loadShrinkwrap Finishing
34 silly loadAllDepsIntoIdealTree Starting
35 silly install loadAllDepsIntoIdealTree
36 silly rollbackFailedOptional Starting
37 silly rollbackFailedOptional Finishing
38 silly runTopLevelLifecycles Starting
39 silly runTopLevelLifecycles Finishing
40 silly install printInstalled
41 verbose stack Error: Refusing to install react-native-device-log as a dependency of itself
41 verbose stack     at checkSelf (/Users/olda/.nvm/versions/node/v5.6.0/lib/node_modules/npm/lib/install/validate-args.js:53:14)
41 verbose stack     at Array.<anonymous> (/Users/olda/.nvm/versions/node/v5.6.0/lib/node_modules/npm/node_modules/slide/lib/bind-actor.js:15:8)
41 verbose stack     at LOOP (/Users/olda/.nvm/versions/node/v5.6.0/lib/node_modules/npm/node_modules/slide/lib/chain.js:15:14)
41 verbose stack     at chain (/Users/olda/.nvm/versions/node/v5.6.0/lib/node_modules/npm/node_modules/slide/lib/chain.js:20:5)
41 verbose stack     at /Users/olda/.nvm/versions/node/v5.6.0/lib/node_modules/npm/lib/install/validate-args.js:16:5
41 verbose stack     at /Users/olda/.nvm/versions/node/v5.6.0/lib/node_modules/npm/node_modules/slide/lib/async-map.js:52:35
41 verbose stack     at Array.forEach (native)
41 verbose stack     at /Users/olda/.nvm/versions/node/v5.6.0/lib/node_modules/npm/node_modules/slide/lib/async-map.js:52:11
41 verbose stack     at Array.forEach (native)
41 verbose stack     at asyncMap (/Users/olda/.nvm/versions/node/v5.6.0/lib/node_modules/npm/node_modules/slide/lib/async-map.js:51:8)
42 verbose cwd /Users/olda/Hansa/HansaEvent/ReactComponents/debug
43 error Darwin 15.3.0
44 error argv "/Users/olda/.nvm/versions/node/v5.6.0/bin/node" "/Users/olda/.nvm/versions/node/v5.6.0/bin/npm" "install" "react-native-device-log" "--save"
45 error node v5.6.0
46 error npm  v3.6.0
47 error code ENOSELF
48 error Refusing to install react-native-device-log as a dependency of itself
49 error If you need help, you may report this error at:
49 error     <https://github.com/npm/npm/issues>
50 verbose exit [ 1, true ]
